18:38:24 **** Incremental Build of configuration Debug for project DorsoJuanMartin1erParcial ****
make all 
Building file: ../src/DorsoJuanMartin1erParcial.c
Invoking: GCC C Compiler
gcc -O0 -g3 -Wall -c -fmessage-length=0 -MMD -MP -MF"src/DorsoJuanMartin1erParcial.d" -MT"src/DorsoJuanMartin1erParcial.o" -o "src/DorsoJuanMartin1erParcial.o" "../src/DorsoJuanMartin1erParcial.c"
Finished building: ../src/DorsoJuanMartin1erParcial.c
 
Building target: DorsoJuanMartin1erParcial
Invoking: GCC C Linker
gcc  -o "DorsoJuanMartin1erParcial"  ./src/DorsoJuanMartin1erParcial.o ./src/cliente.o ./src/pedidos.o ./src/utn.o   
Finished building target: DorsoJuanMartin1erParcial
 
18:38:28 **** Incremental Build of configuration Debug for project DorsoJuanMartin1erParcial ****
make all 
make: No se hace nada para 'all'.
18:52:04 **** Incremental Build of configuration Debug for project DorsoJuanMartin1erParcial ****
make all 
Building file: ../src/DorsoJuanMartin1erParcial.c
Invoking: GCC C Compiler
gcc -O0 -g3 -Wall -c -fmessage-length=0 -MMD -MP -MF"src/DorsoJuanMartin1erParcial.d" -MT"src/DorsoJuanMartin1erParcial.o" -o "src/DorsoJuanMartin1erParcial.o" "../src/DorsoJuanMartin1erParcial.c"
Finished building: ../src/DorsoJuanMartin1erParcial.c
 
Building file: ../src/cliente.c
Invoking: GCC C Compiler
gcc -O0 -g3 -Wall -c -fmessage-length=0 -MMD -MP -MF"src/cliente.d" -MT"src/cliente.o" -o "src/cliente.o" "../src/cliente.c"
Finished building: ../src/cliente.c
 
Building file: ../src/pedidos.c
Invoking: GCC C Compiler
gcc -O0 -g3 -Wall -c -fmessage-length=0 -MMD -MP -MF"src/pedidos.d" -MT"src/pedidos.o" -o "src/pedidos.o" "../src/pedidos.c"
Finished building: ../src/pedidos.c
 
Building target: DorsoJuanMartin1erParcial
Invoking: GCC C Linker
gcc  -o "DorsoJuanMartin1erParcial"  ./src/DorsoJuanMartin1erParcial.o ./src/cliente.o ./src/pedidos.o ./src/utn.o   
Finished building target: DorsoJuanMartin1erParcial
 
18:52:06 **** Incremental Build of configuration Debug for project DorsoJuanMartin1erParcial ****
make all 
make: No se hace nada para 'all'.
18:52:50 **** Incremental Build of configuration Debug for project DorsoJuanMartin1erParcial ****
make all 
Building file: ../src/cliente.c
Invoking: GCC C Compiler
gcc -O0 -g3 -Wall -c -fmessage-length=0 -MMD -MP -MF"src/cliente.d" -MT"src/cliente.o" -o "src/cliente.o" "../src/cliente.c"
Finished building: ../src/cliente.c
 
Building target: DorsoJuanMartin1erParcial
Invoking: GCC C Linker
gcc  -o "DorsoJuanMartin1erParcial"  ./src/DorsoJuanMartin1erParcial.o ./src/cliente.o ./src/pedidos.o ./src/utn.o   
Finished building target: DorsoJuanMartin1erParcial
 
19:09:14 **** Incremental Build of configuration Debug for project DorsoJuanMartin1erParcial ****
make all 
Building file: ../src/DorsoJuanMartin1erParcial.c
Invoking: GCC C Compiler
gcc -O0 -g3 -Wall -c -fmessage-length=0 -MMD -MP -MF"src/DorsoJuanMartin1erParcial.d" -MT"src/DorsoJuanMartin1erParcial.o" -o "src/DorsoJuanMartin1erParcial.o" "../src/DorsoJuanMartin1erParcial.c"
Finished building: ../src/DorsoJuanMartin1erParcial.c
 
Building file: ../src/pedidos.c
Invoking: GCC C Compiler
gcc -O0 -g3 -Wall -c -fmessage-length=0 -MMD -MP -MF"src/pedidos.d" -MT"src/pedidos.o" -o "src/pedidos.o" "../src/pedidos.c"
Finished building: ../src/pedidos.c
 
Building target: DorsoJuanMartin1erParcial
Invoking: GCC C Linker
gcc  -o "DorsoJuanMartin1erParcial"  ./src/DorsoJuanMartin1erParcial.o ./src/cliente.o ./src/pedidos.o ./src/utn.o   
Finished building target: DorsoJuanMartin1erParcial
 
19:09:15 **** Incremental Build of configuration Debug for project DorsoJuanMartin1erParcial ****
make all 
make: No se hace nada para 'all'.
19:11:36 **** Incremental Build of configuration Debug for project DorsoJuanMartin1erParcial ****
make all 
Building file: ../src/pedidos.c
Invoking: GCC C Compiler
gcc -O0 -g3 -Wall -c -fmessage-length=0 -MMD -MP -MF"src/pedidos.d" -MT"src/pedidos.o" -o "src/pedidos.o" "../src/pedidos.c"
../src/pedidos.c: In function ‘altaForzadaPedido’:
../src/pedidos.c:445:6: warning: unused variable ‘id’ [-Wunused-variable]
  int id[] = {1,2,3,4,5,6,7,8,9};
      ^~
Finished building: ../src/pedidos.c
 
Building target: DorsoJuanMartin1erParcial
Invoking: GCC C Linker
gcc  -o "DorsoJuanMartin1erParcial"  ./src/DorsoJuanMartin1erParcial.o ./src/cliente.o ./src/pedidos.o ./src/utn.o   
Finished building target: DorsoJuanMartin1erParcial
 
19:11:49 **** Incremental Build of configuration Debug for project DorsoJuanMartin1erParcial ****
make all 
Building file: ../src/pedidos.c
Invoking: GCC C Compiler
gcc -O0 -g3 -Wall -c -fmessage-length=0 -MMD -MP -MF"src/pedidos.d" -MT"src/pedidos.o" -o "src/pedidos.o" "../src/pedidos.c"
Finished building: ../src/pedidos.c
 
Building target: DorsoJuanMartin1erParcial
Invoking: GCC C Linker
gcc  -o "DorsoJuanMartin1erParcial"  ./src/DorsoJuanMartin1erParcial.o ./src/cliente.o ./src/pedidos.o ./src/utn.o   
Finished building target: DorsoJuanMartin1erParcial
 
19:11:50 **** Incremental Build of configuration Debug for project DorsoJuanMartin1erParcial ****
make all 
make: No se hace nada para 'all'.
19:16:27 **** Incremental Build of configuration Debug for project DorsoJuanMartin1erParcial ****
make all 
Building file: ../src/informes.c
Invoking: GCC C Compiler
gcc -O0 -g3 -Wall -c -fmessage-length=0 -MMD -MP -MF"src/informes.d" -MT"src/informes.o" -o "src/informes.o" "../src/informes.c"
../src/informes.c: In function ‘clienteConMasPedidosPendientes’:
../src/informes.c:18:2: error: ‘retorno’ undeclared (first use in this function)
  retorno = EXIT_ERROR;
  ^~~~~~~
../src/informes.c:18:2: note: each undeclared identifier is reported only once for each function it appears in
src/subdir.mk:30: fallo en las instrucciones para el objetivo 'src/informes.o'
../src/informes.c:21:1: warning: control reaches end of non-void function [-Wreturn-type]
 }
 ^
make: *** [src/informes.o] Error 1
"make all" terminated with exit code 2. Build might be incomplete.
19:16:42 **** Incremental Build of configuration Debug for project DorsoJuanMartin1erParcial ****
make all 
Building file: ../src/informes.c
Invoking: GCC C Compiler
gcc -O0 -g3 -Wall -c -fmessage-length=0 -MMD -MP -MF"src/informes.d" -MT"src/informes.o" -o "src/informes.o" "../src/informes.c"
Finished building: ../src/informes.c
 
Building target: DorsoJuanMartin1erParcial
Invoking: GCC C Linker
gcc  -o "DorsoJuanMartin1erParcial"  ./src/DorsoJuanMartin1erParcial.o ./src/cliente.o ./src/informes.o ./src/pedidos.o ./src/utn.o   
Finished building target: DorsoJuanMartin1erParcial
 
19:44:12 **** Incremental Build of configuration Debug for project DorsoJuanMartin1erParcial ****
make all 
Building file: ../src/DorsoJuanMartin1erParcial.c
Invoking: GCC C Compiler
gcc -O0 -g3 -Wall -c -fmessage-length=0 -MMD -MP -MF"src/DorsoJuanMartin1erParcial.d" -MT"src/DorsoJuanMartin1erParcial.o" -o "src/DorsoJuanMartin1erParcial.o" "../src/DorsoJuanMartin1erParcial.c"
../src/DorsoJuanMartin1erParcial.c: In function ‘main’:
../src/DorsoJuanMartin1erParcial.c:215:8: warning: implicit declaration of function ‘clienteConMasPedidosPendientes’ [-Wimplicit-function-declaration]
        clienteConMasPedidosPendientes(aClientes,CANT_CLIENTES,aPedidos,CANT_PEDIDOS,aContCliente,CANT_CLIENTES);
        ^~~~~~~~~~~~~~~~~~~~~~~~~~~~~~
Finished building: ../src/DorsoJuanMartin1erParcial.c
 
Building file: ../src/informes.c
Invoking: GCC C Compiler
gcc -O0 -g3 -Wall -c -fmessage-length=0 -MMD -MP -MF"src/informes.d" -MT"src/informes.o" -o "src/informes.o" "../src/informes.c"
In file included from ../src/informes.c:8:0:
../src/informes.h:11:36: error: unknown type name ‘sCliente’
 int clienteConMasPedidosPendientes(sCliente *aCliente,int cantClientes,sPedido *aPedido,int cantPedidos,auxContCliente *aCont,int cantCont);
                                    ^~~~~~~~
../src/informes.h:11:72: error: unknown type name ‘sPedido’
 int clienteConMasPedidosPendientes(sCliente *aCliente,int cantClientes,sPedido *aPedido,int cantPedidos,auxContCliente *aCont,int cantCont);
                                                                        ^~~~~~~
../src/informes.h:11:105: error: unknown type name ‘auxContCliente’
 int clienteConMasPedidosPendientes(sCliente *aCliente,int cantClientes,sPedido *aPedido,int cantPedidos,auxContCliente *aCont,int cantCont);
                                                                                                         ^~~~~~~~~~~~~~
../src/informes.c: In function ‘clienteConMasPedidosPendientes’:
../src/informes.c:41:21: error: invalid operands to binary == (have ‘int’ and ‘sCliente {aka struct <anonymous>}’)
     if(auxIdCliente == aCliente[posCliente] && auxIdCliente == aPedido[i].idCliente)
                     ^~ ~~~~~~~~~~~~~~~~~~~~
../src/informes.c:22:6: warning: unused variable ‘posPedido’ [-Wunused-variable]
  int posPedido;
      ^~~~~~~~~
make: *** [src/informes.o] Error 1
src/subdir.mk:30: fallo en las instrucciones para el objetivo 'src/informes.o'
"make all" terminated with exit code 2. Build might be incomplete.
19:44:34 **** Incremental Build of configuration Debug for project DorsoJuanMartin1erParcial ****
make all 
Building file: ../src/informes.c
Invoking: GCC C Compiler
gcc -O0 -g3 -Wall -c -fmessage-length=0 -MMD -MP -MF"src/informes.d" -MT"src/informes.o" -o "src/informes.o" "../src/informes.c"
In file included from ../src/informes.c:8:0:
../src/informes.h:11:36: error: unknown type name ‘sCliente’
 int clienteConMasPedidosPendientes(sCliente *aCliente,int cantClientes,sPedido *aPedido,int cantPedidos,auxContCliente *aCont,int cantCont);
                                    ^~~~~~~~
../src/informes.h:11:72: error: unknown type name ‘sPedido’
 int clienteConMasPedidosPendientes(sCliente *aCliente,int cantClientes,sPedido *aPedido,int cantPedidos,auxContCliente *aCont,int cantCont);
                                                                        ^~~~~~~
../src/informes.h:11:105: error: unknown type name ‘auxContCliente’
 int clienteConMasPedidosPendientes(sCliente *aCliente,int cantClientes,sPedido *aPedido,int cantPedidos,auxContCliente *aCont,int cantCont);
                                                                                                         ^~~~~~~~~~~~~~
../src/informes.c: In function ‘clienteConMasPedidosPendientes’:
../src/informes.c:40:21: error: invalid operands to binary == (have ‘int’ and ‘sCliente {aka struct <anonymous>}’)
     if(auxIdCliente == aCliente[posCliente] && auxIdCliente == aPedido[i].idCliente)
                     ^~ ~~~~~~~~~~~~~~~~~~~~
../src/informes.c:21:6: warning: unused variable ‘posPedido’ [-Wunused-variable]
src/subdir.mk:30: fallo en las instrucciones para el objetivo 'src/informes.o'
  int posPedido;
      ^~~~~~~~~
make: *** [src/informes.o] Error 1
"make all" terminated with exit code 2. Build might be incomplete.
19:44:58 **** Incremental Build of configuration Debug for project DorsoJuanMartin1erParcial ****
make all 
Building file: ../src/informes.c
Invoking: GCC C Compiler
gcc -O0 -g3 -Wall -c -fmessage-length=0 -MMD -MP -MF"src/informes.d" -MT"src/informes.o" -o "src/informes.o" "../src/informes.c"
../src/informes.c: In function ‘clienteConMasPedidosPendientes’:
../src/informes.c:40:21: error: invalid operands to binary == (have ‘int’ and ‘sCliente {aka struct <anonymous>}’)
     if(auxIdCliente == aCliente[posCliente] && auxIdCliente == aPedido[i].idCliente)
                     ^~ ~~~~~~~~~~~~~~~~~~~~
../src/informes.c:21:6: warning: unused variable ‘posPedido’ [-Wunused-variable]
  int posPedido;
      ^~~~~~~~~
src/subdir.mk:30: fallo en las instrucciones para el objetivo 'src/informes.o'
make: *** [src/informes.o] Error 1
"make all" terminated with exit code 2. Build might be incomplete.
19:45:28 **** Incremental Build of configuration Debug for project DorsoJuanMartin1erParcial ****
make all 
Building file: ../src/informes.c
Invoking: GCC C Compiler
gcc -O0 -g3 -Wall -c -fmessage-length=0 -MMD -MP -MF"src/informes.d" -MT"src/informes.o" -o "src/informes.o" "../src/informes.c"
../src/informes.c: In function ‘clienteConMasPedidosPendientes’:
../src/informes.c:40:21: error: invalid operands to binary == (have ‘int’ and ‘sCliente {aka struct <anonymous>}’)
     if(auxIdCliente == aCliente[posCliente] && auxIdCliente == aPedido[i].idCliente)
                     ^~ ~~~~~~~~~~~~~~~~~~~~
../src/informes.c:21:6: warning: unused variable ‘posPedido’ [-Wunused-variable]
  int posPedido;
      ^~~~~~~~~
src/subdir.mk:30: fallo en las instrucciones para el objetivo 'src/informes.o'
make: *** [src/informes.o] Error 1
"make all" terminated with exit code 2. Build might be incomplete.
19:46:09 **** Incremental Build of configuration Debug for project DorsoJuanMartin1erParcial ****
make all 
Building file: ../src/informes.c
Invoking: GCC C Compiler
gcc -O0 -g3 -Wall -c -fmessage-length=0 -MMD -MP -MF"src/informes.d" -MT"src/informes.o" -o "src/informes.o" "../src/informes.c"
../src/informes.c: In function ‘clienteConMasPedidosPendientes’:
../src/informes.c:21:6: warning: unused variable ‘posPedido’ [-Wunused-variable]
  int posPedido;
      ^~~~~~~~~
Finished building: ../src/informes.c
 
Building target: DorsoJuanMartin1erParcial
Invoking: GCC C Linker
gcc  -o "DorsoJuanMartin1erParcial"  ./src/DorsoJuanMartin1erParcial.o ./src/cliente.o ./src/informes.o ./src/pedidos.o ./src/utn.o   
Finished building target: DorsoJuanMartin1erParcial
 
19:46:11 **** Incremental Build of configuration Debug for project DorsoJuanMartin1erParcial ****
make all 
make: No se hace nada para 'all'.
19:46:50 **** Incremental Build of configuration Debug for project DorsoJuanMartin1erParcial ****
make all 
Building file: ../src/DorsoJuanMartin1erParcial.c
Invoking: GCC C Compiler
gcc -O0 -g3 -Wall -c -fmessage-length=0 -MMD -MP -MF"src/DorsoJuanMartin1erParcial.d" -MT"src/DorsoJuanMartin1erParcial.o" -o "src/DorsoJuanMartin1erParcial.o" "../src/DorsoJuanMartin1erParcial.c"
../src/DorsoJuanMartin1erParcial.c: In function ‘main’:
../src/DorsoJuanMartin1erParcial.c:60:6: warning: implicit declaration of function ‘pritnf’ [-Wimplicit-function-declaration]
      pritnf("09. Informes\n");
      ^~~~~~
../src/DorsoJuanMartin1erParcial.c:216:8: warning: implicit declaration of function ‘clienteConMasPedidosPendientes’ [-Wimplicit-function-declaration]
        clienteConMasPedidosPendientes(aClientes,CANT_CLIENTES,aPedidos,CANT_PEDIDOS,aContCliente,CANT_CLIENTES);
        ^~~~~~~~~~~~~~~~~~~~~~~~~~~~~~
Finished building: ../src/DorsoJuanMartin1erParcial.c
 
Building target: DorsoJuanMartin1erParcial
Invoking: GCC C Linker
gcc  -o "DorsoJuanMartin1erParcial"  ./src/DorsoJuanMartin1erParcial.o ./src/cliente.o ./src/informes.o ./src/pedidos.o ./src/utn.o   
./src/DorsoJuanMartin1erParcial.o: En la función `main':
/home/alumno/Documentos/PrimerParcial/DorsoJuanMartin1erParcial/Debug/../src/DorsoJuanMartin1erParcial.c:60: referencia a `pritnf' sin definir
collect2: error: ld returned 1 exit status
makefile:30: fallo en las instrucciones para el objetivo 'DorsoJuanMartin1erParcial'
make: *** [DorsoJuanMartin1erParcial] Error 1
"make all" terminated with exit code 2. Build might be incomplete.
19:47:02 **** Incremental Build of configuration Debug for project DorsoJuanMartin1erParcial ****
make all 
Building file: ../src/DorsoJuanMartin1erParcial.c
Invoking: GCC C Compiler
gcc -O0 -g3 -Wall -c -fmessage-length=0 -MMD -MP -MF"src/DorsoJuanMartin1erParcial.d" -MT"src/DorsoJuanMartin1erParcial.o" -o "src/DorsoJuanMartin1erParcial.o" "../src/DorsoJuanMartin1erParcial.c"
../src/DorsoJuanMartin1erParcial.c: In function ‘main’:
../src/DorsoJuanMartin1erParcial.c:216:8: warning: implicit declaration of function ‘clienteConMasPedidosPendientes’ [-Wimplicit-function-declaration]
        clienteConMasPedidosPendientes(aClientes,CANT_CLIENTES,aPedidos,CANT_PEDIDOS,aContCliente,CANT_CLIENTES);
        ^~~~~~~~~~~~~~~~~~~~~~~~~~~~~~
Finished building: ../src/DorsoJuanMartin1erParcial.c
 
Building target: DorsoJuanMartin1erParcial
Invoking: GCC C Linker
gcc  -o "DorsoJuanMartin1erParcial"  ./src/DorsoJuanMartin1erParcial.o ./src/cliente.o ./src/informes.o ./src/pedidos.o ./src/utn.o   
Finished building target: DorsoJuanMartin1erParcial
 
19:47:04 **** Incremental Build of configuration Debug for project DorsoJuanMartin1erParcial ****
make all 
make: No se hace nada para 'all'.
19:54:53 **** Incremental Build of configuration Debug for project DorsoJuanMartin1erParcial ****
make all 
Building file: ../src/informes.c
Invoking: GCC C Compiler
gcc -O0 -g3 -Wall -c -fmessage-length=0 -MMD -MP -MF"src/informes.d" -MT"src/informes.o" -o "src/informes.o" "../src/informes.c"
../src/informes.c: In function ‘clienteConMasPedidosPendientes’:
../src/informes.c:51:37: error: ‘posDireccion’ undeclared (first use in this function)
   printf("Direccion: %s\n",aCliente[posDireccion].direccion);
                                     ^~~~~~~~~~~~
../src/informes.c:51:37: note: each undeclared identifier is reported only once for each function it appears in
../src/informes.c:21:6: warning: unused variable ‘posPedido’ [-Wunused-variable]
src/subdir.mk:30: fallo en las instrucciones para el objetivo 'src/informes.o'
  int posPedido;
      ^~~~~~~~~
make: *** [src/informes.o] Error 1
"make all" terminated with exit code 2. Build might be incomplete.
19:55:06 **** Incremental Build of configuration Debug for project DorsoJuanMartin1erParcial ****
make all 
Building file: ../src/informes.c
Invoking: GCC C Compiler
gcc -O0 -g3 -Wall -c -fmessage-length=0 -MMD -MP -MF"src/informes.d" -MT"src/informes.o" -o "src/informes.o" "../src/informes.c"
../src/informes.c: In function ‘clienteConMasPedidosPendientes’:
../src/informes.c:21:6: warning: unused variable ‘posPedido’ [-Wunused-variable]
  int posPedido;
      ^~~~~~~~~
Finished building: ../src/informes.c
 
Building target: DorsoJuanMartin1erParcial
Invoking: GCC C Linker
gcc  -o "DorsoJuanMartin1erParcial"  ./src/DorsoJuanMartin1erParcial.o ./src/cliente.o ./src/informes.o ./src/pedidos.o ./src/utn.o   
Finished building target: DorsoJuanMartin1erParcial
 
19:55:08 **** Incremental Build of configuration Debug for project DorsoJuanMartin1erParcial ****
make all 
make: No se hace nada para 'all'.
19:56:21 **** Incremental Build of configuration Debug for project DorsoJuanMartin1erParcial ****
make all 
Building file: ../src/informes.c
Invoking: GCC C Compiler
gcc -O0 -g3 -Wall -c -fmessage-length=0 -MMD -MP -MF"src/informes.d" -MT"src/informes.o" -o "src/informes.o" "../src/informes.c"
../src/informes.c: In function ‘clienteConMasPedidosPendientes’:
../src/informes.c:21:6: warning: unused variable ‘posPedido’ [-Wunused-variable]
  int posPedido;
      ^~~~~~~~~
Finished building: ../src/informes.c
 
Building target: DorsoJuanMartin1erParcial
Invoking: GCC C Linker
gcc  -o "DorsoJuanMartin1erParcial"  ./src/DorsoJuanMartin1erParcial.o ./src/cliente.o ./src/informes.o ./src/pedidos.o ./src/utn.o   
Finished building target: DorsoJuanMartin1erParcial
 
19:56:23 **** Incremental Build of configuration Debug for project DorsoJuanMartin1erParcial ****
make all 
make: No se hace nada para 'all'.
19:56:47 **** Incremental Build of configuration Debug for project DorsoJuanMartin1erParcial ****
make all 
Building file: ../src/DorsoJuanMartin1erParcial.c
Invoking: GCC C Compiler
gcc -O0 -g3 -Wall -c -fmessage-length=0 -MMD -MP -MF"src/DorsoJuanMartin1erParcial.d" -MT"src/DorsoJuanMartin1erParcial.o" -o "src/DorsoJuanMartin1erParcial.o" "../src/DorsoJuanMartin1erParcial.c"
../src/DorsoJuanMartin1erParcial.c: In function ‘main’:
../src/DorsoJuanMartin1erParcial.c:216:8: warning: implicit declaration of function ‘clienteConMasPedidosPendientes’ [-Wimplicit-function-declaration]
        clienteConMasPedidosPendientes(aClientes,CANT_CLIENTES,aPedidos,CANT_PEDIDOS,aContCliente,CANT_CLIENTES);
        ^~~~~~~~~~~~~~~~~~~~~~~~~~~~~~
Finished building: ../src/DorsoJuanMartin1erParcial.c
 
Building target: DorsoJuanMartin1erParcial
Invoking: GCC C Linker
gcc  -o "DorsoJuanMartin1erParcial"  ./src/DorsoJuanMartin1erParcial.o ./src/cliente.o ./src/informes.o ./src/pedidos.o ./src/utn.o   
Finished building target: DorsoJuanMartin1erParcial
 
19:56:48 **** Incremental Build of configuration Debug for project DorsoJuanMartin1erParcial ****
make all 
make: No se hace nada para 'all'.
20:11:11 **** Incremental Build of configuration Debug for project DorsoJuanMartin1erParcial ****
make all 
Building file: ../src/DorsoJuanMartin1erParcial.c
Invoking: GCC C Compiler
gcc -O0 -g3 -Wall -c -fmessage-length=0 -MMD -MP -MF"src/DorsoJuanMartin1erParcial.d" -MT"src/DorsoJuanMartin1erParcial.o" -o "src/DorsoJuanMartin1erParcial.o" "../src/DorsoJuanMartin1erParcial.c"
../src/DorsoJuanMartin1erParcial.c: In function ‘main’:
../src/DorsoJuanMartin1erParcial.c:216:8: warning: implicit declaration of function ‘clienteConMasPedidosPendientes’ [-Wimplicit-function-declaration]
        clienteConMasPedidosPendientes(aClientes,CANT_CLIENTES,aPedidos,CANT_PEDIDOS);
        ^~~~~~~~~~~~~~~~~~~~~~~~~~~~~~
Finished building: ../src/DorsoJuanMartin1erParcial.c
 
Building file: ../src/informes.c
Invoking: GCC C Compiler
gcc -O0 -g3 -Wall -c -fmessage-length=0 -MMD -MP -MF"src/informes.d" -MT"src/informes.o" -o "src/informes.o" "../src/informes.c"
../src/informes.c: In function ‘clienteConMasPedidosPendientes’:
../src/informes.c:17:17: error: array size missing in ‘aCont’
  auxContCliente aCont[];
                 ^~~~~
../src/informes.c:54:6: warning: suggest parentheses around assignment used as truth value [-Wparentheses]
      if(i=0)
      ^~
../src/informes.c:64:44: error: ‘cantCliente’ undeclared (first use in this function)
     posCliente=buscarClientePorId(aCliente,cantCliente,auxIdCliente);
                                            ^~~~~~~~~~~
../src/informes.c:64:44: note: each undeclared identifier is reported only once for each function it appears in
../src/informes.c:23:6: warning: unused variable ‘posPedido’ [-Wunused-variable]
  int posPedido;
      ^~~~~~~~~
make: *** [src/informes.o] Error 1
src/subdir.mk:30: fallo en las instrucciones para el objetivo 'src/informes.o'
"make all" terminated with exit code 2. Build might be incomplete.
20:11:27 **** Incremental Build of configuration Debug for project DorsoJuanMartin1erParcial ****
make all 
Building file: ../src/informes.c
Invoking: GCC C Compiler
gcc -O0 -g3 -Wall -c -fmessage-length=0 -MMD -MP -MF"src/informes.d" -MT"src/informes.o" -o "src/informes.o" "../src/informes.c"
../src/informes.c: In function ‘clienteConMasPedidosPendientes’:
../src/informes.c:17:23: error: ‘cantCliente’ undeclared (first use in this function)
  auxContCliente aCont[cantCliente];
                       ^~~~~~~~~~~
../src/informes.c:17:23: note: each undeclared identifier is reported only once for each function it appears in
../src/informes.c:54:6: warning: suggest parentheses around assignment used as truth value [-Wparentheses]
      if(i=0)
      ^~
../src/informes.c:23:6: warning: unused variable ‘posPedido’ [-Wunused-variable]
  int posPedido;
      ^~~~~~~~~
../src/informes.c:17:17: warning: unused variable ‘aCont’ [-Wunused-variable]
src/subdir.mk:30: fallo en las instrucciones para el objetivo 'src/informes.o'
  auxContCliente aCont[cantCliente];
                 ^~~~~
make: *** [src/informes.o] Error 1
"make all" terminated with exit code 2. Build might be incomplete.
20:11:33 **** Incremental Build of configuration Debug for project DorsoJuanMartin1erParcial ****
make all 
Building file: ../src/informes.c
Invoking: GCC C Compiler
gcc -O0 -g3 -Wall -c -fmessage-length=0 -MMD -MP -MF"src/informes.d" -MT"src/informes.o" -o "src/informes.o" "../src/informes.c"
../src/informes.c: In function ‘clienteConMasPedidosPendientes’:
../src/informes.c:54:6: warning: suggest parentheses around assignment used as truth value [-Wparentheses]
      if(i=0)
      ^~
../src/informes.c:64:44: error: ‘cantCliente’ undeclared (first use in this function)
     posCliente=buscarClientePorId(aCliente,cantCliente,auxIdCliente);
                                            ^~~~~~~~~~~
../src/informes.c:64:44: note: each undeclared identifier is reported only once for each function it appears in
../src/informes.c:23:6: warning: unused variable ‘posPedido’ [-Wunused-variable]
  int posPedido;
      ^~~~~~~~~
make: *** [src/informes.o] Error 1
src/subdir.mk:30: fallo en las instrucciones para el objetivo 'src/informes.o'
"make all" terminated with exit code 2. Build might be incomplete.
20:11:41 **** Incremental Build of configuration Debug for project DorsoJuanMartin1erParcial ****
make all 
Building file: ../src/informes.c
Invoking: GCC C Compiler
gcc -O0 -g3 -Wall -c -fmessage-length=0 -MMD -MP -MF"src/informes.d" -MT"src/informes.o" -o "src/informes.o" "../src/informes.c"
../src/informes.c: In function ‘clienteConMasPedidosPendientes’:
../src/informes.c:54:6: warning: suggest parentheses around assignment used as truth value [-Wparentheses]
      if(i=0)
      ^~
../src/informes.c:23:6: warning: unused variable ‘posPedido’ [-Wunused-variable]
  int posPedido;
      ^~~~~~~~~
Finished building: ../src/informes.c
 
Building target: DorsoJuanMartin1erParcial
Invoking: GCC C Linker
gcc  -o "DorsoJuanMartin1erParcial"  ./src/DorsoJuanMartin1erParcial.o ./src/cliente.o ./src/informes.o ./src/pedidos.o ./src/utn.o   
Finished building target: DorsoJuanMartin1erParcial
 
20:11:43 **** Incremental Build of configuration Debug for project DorsoJuanMartin1erParcial ****
make all 
make: No se hace nada para 'all'.
20:12:46 **** Incremental Build of configuration Debug for project DorsoJuanMartin1erParcial ****
make all 
Building file: ../src/informes.c
Invoking: GCC C Compiler
gcc -O0 -g3 -Wall -c -fmessage-length=0 -MMD -MP -MF"src/informes.d" -MT"src/informes.o" -o "src/informes.o" "../src/informes.c"
../src/informes.c:15:5: error: conflicting types for ‘clienteConMasPedidosPendientes’
 int clienteConMasPedidosPendientes(sCliente *aCliente,int cantClientes,sPedido *aPedido,int cantPedidos,auxContCliente *aCont,int cantContCliente)
     ^~~~~~~~~~~~~~~~~~~~~~~~~~~~~~
In file included from ../src/informes.c:8:0:
../src/informes.h:14:5: note: previous declaration of ‘clienteConMasPedidosPendientes’ was here
 int clienteConMasPedidosPendientes(sCliente *aCliente,int cantClientes,sPedido *aPedido,int cantPedidos);
     ^~~~~~~~~~~~~~~~~~~~~~~~~~~~~~
../src/informes.c: In function ‘clienteConMasPedidosPendientes’:
../src/informes.c:22:6: warning: unused variable ‘posPedido’ [-Wunused-variable]
  int posPedido;
      ^~~~~~~~~
make: *** [src/informes.o] Error 1
src/subdir.mk:30: fallo en las instrucciones para el objetivo 'src/informes.o'
"make all" terminated with exit code 2. Build might be incomplete.
20:13:13 **** Incremental Build of configuration Debug for project DorsoJuanMartin1erParcial ****
make all 
Building file: ../src/DorsoJuanMartin1erParcial.c
Invoking: GCC C Compiler
gcc -O0 -g3 -Wall -c -fmessage-length=0 -MMD -MP -MF"src/DorsoJuanMartin1erParcial.d" -MT"src/DorsoJuanMartin1erParcial.o" -o "src/DorsoJuanMartin1erParcial.o" "../src/DorsoJuanMartin1erParcial.c"
../src/DorsoJuanMartin1erParcial.c: In function ‘main’:
../src/DorsoJuanMartin1erParcial.c:216:8: warning: implicit declaration of function ‘clienteConMasPedidosPendientes’ [-Wimplicit-function-declaration]
        clienteConMasPedidosPendientes(aClientes,CANT_CLIENTES,aPedidos,CANT_PEDIDOS,aContCliente,CANT_CLIENTES);
        ^~~~~~~~~~~~~~~~~~~~~~~~~~~~~~
Finished building: ../src/DorsoJuanMartin1erParcial.c
 
Building file: ../src/informes.c
Invoking: GCC C Compiler
gcc -O0 -g3 -Wall -c -fmessage-length=0 -MMD -MP -MF"src/informes.d" -MT"src/informes.o" -o "src/informes.o" "../src/informes.c"
../src/informes.c: In function ‘clienteConMasPedidosPendientes’:
../src/informes.c:22:6: warning: unused variable ‘posPedido’ [-Wunused-variable]
  int posPedido;
      ^~~~~~~~~
Finished building: ../src/informes.c
 
Building target: DorsoJuanMartin1erParcial
Invoking: GCC C Linker
gcc  -o "DorsoJuanMartin1erParcial"  ./src/DorsoJuanMartin1erParcial.o ./src/cliente.o ./src/informes.o ./src/pedidos.o ./src/utn.o   
Finished building target: DorsoJuanMartin1erParcial
 
20:13:14 **** Incremental Build of configuration Debug for project DorsoJuanMartin1erParcial ****
make all 
make: No se hace nada para 'all'.
20:14:55 **** Incremental Build of configuration Debug for project DorsoJuanMartin1erParcial ****
make all 
Building file: ../src/DorsoJuanMartin1erParcial.c
Invoking: GCC C Compiler
gcc -O0 -g3 -Wall -c -fmessage-length=0 -MMD -MP -MF"src/DorsoJuanMartin1erParcial.d" -MT"src/DorsoJuanMartin1erParcial.o" -o "src/DorsoJuanMartin1erParcial.o" "../src/DorsoJuanMartin1erParcial.c"
../src/DorsoJuanMartin1erParcial.c: In function ‘main’:
../src/DorsoJuanMartin1erParcial.c:216:8: warning: implicit declaration of function ‘clienteConMasPedidosPendientes’ [-Wimplicit-function-declaration]
        clienteConMasPedidosPendientes(aClientes,CANT_CLIENTES,aPedidos,CANT_PEDIDOS,aContClientePendiente,CANT_CLIENTES);
        ^~~~~~~~~~~~~~~~~~~~~~~~~~~~~~
Finished building: ../src/DorsoJuanMartin1erParcial.c
 
Building file: ../src/informes.c
Invoking: GCC C Compiler
gcc -O0 -g3 -Wall -c -fmessage-length=0 -MMD -MP -MF"src/informes.d" -MT"src/informes.o" -o "src/informes.o" "../src/informes.c"
../src/informes.c: In function ‘clienteConMasPedidosPendientes’:
../src/informes.c:22:6: warning: unused variable ‘posPedido’ [-Wunused-variable]
  int posPedido;
      ^~~~~~~~~
Finished building: ../src/informes.c
 
Building target: DorsoJuanMartin1erParcial
Invoking: GCC C Linker
gcc  -o "DorsoJuanMartin1erParcial"  ./src/DorsoJuanMartin1erParcial.o ./src/cliente.o ./src/informes.o ./src/pedidos.o ./src/utn.o   
Finished building target: DorsoJuanMartin1erParcial
 
20:14:57 **** Incremental Build of configuration Debug for project DorsoJuanMartin1erParcial ****
make all 
make: No se hace nada para 'all'.
20:17:04 **** Incremental Build of configuration Debug for project DorsoJuanMartin1erParcial ****
make all 
Building file: ../src/DorsoJuanMartin1erParcial.c
Invoking: GCC C Compiler
gcc -O0 -g3 -Wall -c -fmessage-length=0 -MMD -MP -MF"src/DorsoJuanMartin1erParcial.d" -MT"src/DorsoJuanMartin1erParcial.o" -o "src/DorsoJuanMartin1erParcial.o" "../src/DorsoJuanMartin1erParcial.c"
../src/DorsoJuanMartin1erParcial.c: In function ‘main’:
../src/DorsoJuanMartin1erParcial.c:217:8: warning: implicit declaration of function ‘clienteConMasPedidosPendientes’ [-Wimplicit-function-declaration]
        clienteConMasPedidosPendientes(aClientes,CANT_CLIENTES,aPedidos,CANT_PEDIDOS,aContClientePendiente,CANT_CLIENTES);
        ^~~~~~~~~~~~~~~~~~~~~~~~~~~~~~
../src/DorsoJuanMartin1erParcial.c:218:8: warning: implicit declaration of function ‘clienteConMasPedidosCompletados’ [-Wimplicit-function-declaration]
        clienteConMasPedidosCompletados(aClientes,CANT_CLIENTES,aPedidos,CANT_PEDIDOS,aContClienteCompletado,CANT_CLIENTES);
        ^~~~~~~~~~~~~~~~~~~~~~~~~~~~~~~
Finished building: ../src/DorsoJuanMartin1erParcial.c
 
Building file: ../src/informes.c
Invoking: GCC C Compiler
gcc -O0 -g3 -Wall -c -fmessage-length=0 -MMD -MP -MF"src/informes.d" -MT"src/informes.o" -o "src/informes.o" "../src/informes.c"
../src/informes.c: In function ‘clienteConMasPedidosPendientes’:
../src/informes.c:22:6: warning: unused variable ‘posPedido’ [-Wunused-variable]
  int posPedido;
      ^~~~~~~~~
../src/informes.c: In function ‘clienteConMasPedidosCompletados’:
../src/informes.c:83:6: warning: unused variable ‘posPedido’ [-Wunused-variable]
  int posPedido;
      ^~~~~~~~~
Finished building: ../src/informes.c
 
Building target: DorsoJuanMartin1erParcial
Invoking: GCC C Linker
gcc  -o "DorsoJuanMartin1erParcial"  ./src/DorsoJuanMartin1erParcial.o ./src/cliente.o ./src/informes.o ./src/pedidos.o ./src/utn.o   
Finished building target: DorsoJuanMartin1erParcial
 
20:17:21 **** Incremental Build of configuration Debug for project DorsoJuanMartin1erParcial ****
make all 
make: No se hace nada para 'all'.
20:18:04 **** Incremental Build of configuration Debug for project DorsoJuanMartin1erParcial ****
make all 
Building file: ../src/informes.c
Invoking: GCC C Compiler
gcc -O0 -g3 -Wall -c -fmessage-length=0 -MMD -MP -MF"src/informes.d" -MT"src/informes.o" -o "src/informes.o" "../src/informes.c"
../src/informes.c: In function ‘clienteConMasPedidosPendientes’:
../src/informes.c:22:6: warning: unused variable ‘posPedido’ [-Wunused-variable]
  int posPedido;
      ^~~~~~~~~
../src/informes.c: In function ‘clienteConMasPedidosCompletados’:
../src/informes.c:83:6: warning: unused variable ‘posPedido’ [-Wunused-variable]
  int posPedido;
      ^~~~~~~~~
Finished building: ../src/informes.c
 
Building target: DorsoJuanMartin1erParcial
Invoking: GCC C Linker
gcc  -o "DorsoJuanMartin1erParcial"  ./src/DorsoJuanMartin1erParcial.o ./src/cliente.o ./src/informes.o ./src/pedidos.o ./src/utn.o   
Finished building target: DorsoJuanMartin1erParcial
 
20:18:06 **** Incremental Build of configuration Debug for project DorsoJuanMartin1erParcial ****
make all 
make: No se hace nada para 'all'.
20:20:02 **** Incremental Build of configuration Debug for project DorsoJuanMartin1erParcial ****
make all 
Building file: ../src/informes.c
Invoking: GCC C Compiler
gcc -O0 -g3 -Wall -c -fmessage-length=0 -MMD -MP -MF"src/informes.d" -MT"src/informes.o" -o "src/informes.o" "../src/informes.c"
../src/informes.c: In function ‘clienteConMasPedidosPendientes’:
../src/informes.c:22:6: warning: unused variable ‘posPedido’ [-Wunused-variable]
  int posPedido;
      ^~~~~~~~~
../src/informes.c: In function ‘clienteConMasPedidosCompletados’:
../src/informes.c:84:6: warning: unused variable ‘posPedido’ [-Wunused-variable]
  int posPedido;
      ^~~~~~~~~
Finished building: ../src/informes.c
 
Building target: DorsoJuanMartin1erParcial
Invoking: GCC C Linker
gcc  -o "DorsoJuanMartin1erParcial"  ./src/DorsoJuanMartin1erParcial.o ./src/cliente.o ./src/informes.o ./src/pedidos.o ./src/utn.o   
Finished building target: DorsoJuanMartin1erParcial
 
20:20:04 **** Incremental Build of configuration Debug for project DorsoJuanMartin1erParcial ****
make all 
make: No se hace nada para 'all'.
20:21:44 **** Incremental Build of configuration Debug for project DorsoJuanMartin1erParcial ****
make all 
Building file: ../src/informes.c
Invoking: GCC C Compiler
gcc -O0 -g3 -Wall -c -fmessage-length=0 -MMD -MP -MF"src/informes.d" -MT"src/informes.o" -o "src/informes.o" "../src/informes.c"
../src/informes.c: In function ‘clienteConMasPedidosPendientes’:
../src/informes.c:22:6: warning: unused variable ‘posPedido’ [-Wunused-variable]
  int posPedido;
      ^~~~~~~~~
../src/informes.c: In function ‘clienteConMasPedidosCompletados’:
../src/informes.c:84:6: warning: unused variable ‘posPedido’ [-Wunused-variable]
  int posPedido;
      ^~~~~~~~~
Finished building: ../src/informes.c
 
Building target: DorsoJuanMartin1erParcial
Invoking: GCC C Linker
gcc  -o "DorsoJuanMartin1erParcial"  ./src/DorsoJuanMartin1erParcial.o ./src/cliente.o ./src/informes.o ./src/pedidos.o ./src/utn.o   
Finished building target: DorsoJuanMartin1erParcial
 
20:22:05 **** Incremental Build of configuration Debug for project DorsoJuanMartin1erParcial ****
make all 
Building file: ../src/informes.c
Invoking: GCC C Compiler
gcc -O0 -g3 -Wall -c -fmessage-length=0 -MMD -MP -MF"src/informes.d" -MT"src/informes.o" -o "src/informes.o" "../src/informes.c"
Finished building: ../src/informes.c
 
Building target: DorsoJuanMartin1erParcial
Invoking: GCC C Linker
gcc  -o "DorsoJuanMartin1erParcial"  ./src/DorsoJuanMartin1erParcial.o ./src/cliente.o ./src/informes.o ./src/pedidos.o ./src/utn.o   
Finished building target: DorsoJuanMartin1erParcial
 
20:22:07 **** Incremental Build of configuration Debug for project DorsoJuanMartin1erParcial ****
make all 
make: No se hace nada para 'all'.
20:22:57 **** Incremental Build of configuration Debug for project DorsoJuanMartin1erParcial ****
make all 
Building file: ../src/DorsoJuanMartin1erParcial.c
Invoking: GCC C Compiler
gcc -O0 -g3 -Wall -c -fmessage-length=0 -MMD -MP -MF"src/DorsoJuanMartin1erParcial.d" -MT"src/DorsoJuanMartin1erParcial.o" -o "src/DorsoJuanMartin1erParcial.o" "../src/DorsoJuanMartin1erParcial.c"
../src/DorsoJuanMartin1erParcial.c: In function ‘main’:
../src/DorsoJuanMartin1erParcial.c:211:8: warning: implicit declaration of function ‘clienteConMasPedidosPendientes’ [-Wimplicit-function-declaration]
        clienteConMasPedidosPendientes(aClientes,CANT_CLIENTES,aPedidos,CANT_PEDIDOS,aContClientePendiente,CANT_CLIENTES);
        ^~~~~~~~~~~~~~~~~~~~~~~~~~~~~~
../src/DorsoJuanMartin1erParcial.c:212:8: warning: implicit declaration of function ‘clienteConMasPedidosCompletados’ [-Wimplicit-function-declaration]
        clienteConMasPedidosCompletados(aClientes,CANT_CLIENTES,aPedidos,CANT_PEDIDOS,aContClienteCompletado,CANT_CLIENTES);
        ^~~~~~~~~~~~~~~~~~~~~~~~~~~~~~~
../src/DorsoJuanMartin1erParcial.c:38:6: warning: unused variable ‘flagAltaPedido’ [-Wunused-variable]
  int flagAltaPedido=ALTA_DNS;
      ^~~~~~~~~~~~~~
Finished building: ../src/DorsoJuanMartin1erParcial.c
 
Building target: DorsoJuanMartin1erParcial
Invoking: GCC C Linker
gcc  -o "DorsoJuanMartin1erParcial"  ./src/DorsoJuanMartin1erParcial.o ./src/cliente.o ./src/informes.o ./src/pedidos.o ./src/utn.o   
Finished building target: DorsoJuanMartin1erParcial
 
20:22:59 **** Incremental Build of configuration Debug for project DorsoJuanMartin1erParcial ****
make all 
make: No se hace nada para 'all'.
20:23:39 **** Incremental Build of configuration Debug for project DorsoJuanMartin1erParcial ****
make all 
make: No se hace nada para 'all'.
20:23:40 **** Incremental Build of configuration Debug for project DorsoJuanMartin1erParcial ****
make all 
make: No se hace nada para 'all'.
20:24:48 **** Incremental Build of configuration Debug for project DorsoJuanMartin1erParcial ****
make all 
Building file: ../src/DorsoJuanMartin1erParcial.c
Invoking: GCC C Compiler
gcc -O0 -g3 -Wall -c -fmessage-length=0 -MMD -MP -MF"src/DorsoJuanMartin1erParcial.d" -MT"src/DorsoJuanMartin1erParcial.o" -o "src/DorsoJuanMartin1erParcial.o" "../src/DorsoJuanMartin1erParcial.c"
../src/DorsoJuanMartin1erParcial.c: In function ‘main’:
../src/DorsoJuanMartin1erParcial.c:211:8: warning: implicit declaration of function ‘clienteConMasPedidosPendientes’ [-Wimplicit-function-declaration]
        clienteConMasPedidosPendientes(aClientes,CANT_CLIENTES,aPedidos,CANT_PEDIDOS,aContClientePendiente,CANT_CLIENTES);
        ^~~~~~~~~~~~~~~~~~~~~~~~~~~~~~
../src/DorsoJuanMartin1erParcial.c:212:8: warning: implicit declaration of function ‘clienteConMasPedidosCompletados’ [-Wimplicit-function-declaration]
        clienteConMasPedidosCompletados(aClientes,CANT_CLIENTES,aPedidos,CANT_PEDIDOS,aContClientePendiente,CANT_CLIENTES);
        ^~~~~~~~~~~~~~~~~~~~~~~~~~~~~~~
../src/DorsoJuanMartin1erParcial.c:38:6: warning: unused variable ‘flagAltaPedido’ [-Wunused-variable]
  int flagAltaPedido=ALTA_DNS;
      ^~~~~~~~~~~~~~
../src/DorsoJuanMartin1erParcial.c:36:17: warning: unused variable ‘aContClienteCompletado’ [-Wunused-variable]
  auxContCliente aContClienteCompletado[CANT_CLIENTES];
                 ^~~~~~~~~~~~~~~~~~~~~~
Finished building: ../src/DorsoJuanMartin1erParcial.c
 
Building target: DorsoJuanMartin1erParcial
Invoking: GCC C Linker
gcc  -o "DorsoJuanMartin1erParcial"  ./src/DorsoJuanMartin1erParcial.o ./src/cliente.o ./src/informes.o ./src/pedidos.o ./src/utn.o   
Finished building target: DorsoJuanMartin1erParcial
 
20:24:51 **** Incremental Build of configuration Debug for project DorsoJuanMartin1erParcial ****
make all 
make: No se hace nada para 'all'.
20:29:26 **** Incremental Build of configuration Debug for project DorsoJuanMartin1erParcial ****
make all 
Building file: ../src/DorsoJuanMartin1erParcial.c
Invoking: GCC C Compiler
gcc -O0 -g3 -Wall -c -fmessage-length=0 -MMD -MP -MF"src/DorsoJuanMartin1erParcial.d" -MT"src/DorsoJuanMartin1erParcial.o" -o "src/DorsoJuanMartin1erParcial.o" "../src/DorsoJuanMartin1erParcial.c"
../src/DorsoJuanMartin1erParcial.c: In function ‘main’:
../src/DorsoJuanMartin1erParcial.c:212:8: warning: implicit declaration of function ‘clienteConMasPedidosPendientes’ [-Wimplicit-function-declaration]
        clienteConMasPedidosPendientes(aClientes,CANT_CLIENTES,aPedidos,CANT_PEDIDOS,aContClientePendiente,CANT_CLIENTES);
        ^~~~~~~~~~~~~~~~~~~~~~~~~~~~~~
../src/DorsoJuanMartin1erParcial.c:213:8: warning: implicit declaration of function ‘clienteConMasPedidosCompletados’ [-Wimplicit-function-declaration]
        clienteConMasPedidosCompletados(aClientes,CANT_CLIENTES,aPedidos,CANT_PEDIDOS,aContClienteCompletado,CANT_CLIENTES);
        ^~~~~~~~~~~~~~~~~~~~~~~~~~~~~~~
../src/DorsoJuanMartin1erParcial.c:214:8: warning: implicit declaration of function ‘clienteConMasPedidos’ [-Wimplicit-function-declaration]
        clienteConMasPedidos(aClientes,CANT_CLIENTES,aPedidos,CANT_PEDIDOS,aContClienteTotal,CANT_CLIENTES);
        ^~~~~~~~~~~~~~~~~~~~
../src/DorsoJuanMartin1erParcial.c:39:6: warning: unused variable ‘flagAltaPedido’ [-Wunused-variable]
  int flagAltaPedido=ALTA_DNS;
      ^~~~~~~~~~~~~~
Finished building: ../src/DorsoJuanMartin1erParcial.c
 
Building file: ../src/informes.c
Invoking: GCC C Compiler
gcc -O0 -g3 -Wall -c -fmessage-length=0 -MMD -MP -MF"src/informes.d" -MT"src/informes.o" -o "src/informes.o" "../src/informes.c"
Finished building: ../src/informes.c
 
Building target: DorsoJuanMartin1erParcial
Invoking: GCC C Linker
gcc  -o "DorsoJuanMartin1erParcial"  ./src/DorsoJuanMartin1erParcial.o ./src/cliente.o ./src/informes.o ./src/pedidos.o ./src/utn.o   
Finished building target: DorsoJuanMartin1erParcial
 
20:29:28 **** Incremental Build of configuration Debug for project DorsoJuanMartin1erParcial ****
make all 
make: No se hace nada para 'all'.
20:30:41 **** Incremental Build of configuration Debug for project DorsoJuanMartin1erParcial ****
make all 
make: No se hace nada para 'all'.
20:30:43 **** Incremental Build of configuration Debug for project DorsoJuanMartin1erParcial ****
make all 
make: No se hace nada para 'all'.
20:32:32 **** Incremental Build of configuration Debug for project DorsoJuanMartin1erParcial ****
make all 
Building file: ../src/informes.c
Invoking: GCC C Compiler
gcc -O0 -g3 -Wall -c -fmessage-length=0 -MMD -MP -MF"src/informes.d" -MT"src/informes.o" -o "src/informes.o" "../src/informes.c"
Finished building: ../src/informes.c
 
Building target: DorsoJuanMartin1erParcial
Invoking: GCC C Linker
gcc  -o "DorsoJuanMartin1erParcial"  ./src/DorsoJuanMartin1erParcial.o ./src/cliente.o ./src/informes.o ./src/pedidos.o ./src/utn.o   
./src/DorsoJuanMartin1erParcial.o: En la función `main':
/home/alumno/Documentos/PrimerParcial/DorsoJuanMartin1erParcial/Debug/../src/DorsoJuanMartin1erParcial.c:214: referencia a `clienteConMasPedidos' sin definir
collect2: error: ld returned 1 exit status
makefile:30: fallo en las instrucciones para el objetivo 'DorsoJuanMartin1erParcial'
make: *** [DorsoJuanMartin1erParcial] Error 1
"make all" terminated with exit code 2. Build might be incomplete.
20:32:36 **** Incremental Build of configuration Debug for project DorsoJuanMartin1erParcial ****
make all 
Building target: DorsoJuanMartin1erParcial
Invoking: GCC C Linker
gcc  -o "DorsoJuanMartin1erParcial"  ./src/DorsoJuanMartin1erParcial.o ./src/cliente.o ./src/informes.o ./src/pedidos.o ./src/utn.o   
./src/DorsoJuanMartin1erParcial.o: En la función `main':
/home/alumno/Documentos/PrimerParcial/DorsoJuanMartin1erParcial/Debug/../src/DorsoJuanMartin1erParcial.c:214: referencia a `clienteConMasPedidos' sin definir
makefile:30: fallo en las instrucciones para el objetivo 'DorsoJuanMartin1erParcial'
collect2: error: ld returned 1 exit status
make: *** [DorsoJuanMartin1erParcial] Error 1
"make all" terminated with exit code 2. Build might be incomplete.
20:32:52 **** Incremental Build of configuration Debug for project DorsoJuanMartin1erParcial ****
make all 
Building file: ../src/DorsoJuanMartin1erParcial.c
Invoking: GCC C Compiler
gcc -O0 -g3 -Wall -c -fmessage-length=0 -MMD -MP -MF"src/DorsoJuanMartin1erParcial.d" -MT"src/DorsoJuanMartin1erParcial.o" -o "src/DorsoJuanMartin1erParcial.o" "../src/DorsoJuanMartin1erParcial.c"
../src/DorsoJuanMartin1erParcial.c: In function ‘main’:
../src/DorsoJuanMartin1erParcial.c:212:8: warning: implicit declaration of function ‘clienteConMasPedidosPendientes’ [-Wimplicit-function-declaration]
        clienteConMasPedidosPendientes(aClientes,CANT_CLIENTES,aPedidos,CANT_PEDIDOS,aContClientePendiente,CANT_CLIENTES);
        ^~~~~~~~~~~~~~~~~~~~~~~~~~~~~~
../src/DorsoJuanMartin1erParcial.c:213:8: warning: implicit declaration of function ‘clienteConMasPedidosCompletados’ [-Wimplicit-function-declaration]
        clienteConMasPedidosCompletados(aClientes,CANT_CLIENTES,aPedidos,CANT_PEDIDOS,aContClienteCompletado,CANT_CLIENTES);
        ^~~~~~~~~~~~~~~~~~~~~~~~~~~~~~~
../src/DorsoJuanMartin1erParcial.c:39:6: warning: unused variable ‘flagAltaPedido’ [-Wunused-variable]
  int flagAltaPedido=ALTA_DNS;
      ^~~~~~~~~~~~~~
../src/DorsoJuanMartin1erParcial.c:37:17: warning: unused variable ‘aContClienteTotal’ [-Wunused-variable]
  auxContCliente aContClienteTotal[CANT_CLIENTES];
                 ^~~~~~~~~~~~~~~~~
Finished building: ../src/DorsoJuanMartin1erParcial.c
 
Building target: DorsoJuanMartin1erParcial
Invoking: GCC C Linker
gcc  -o "DorsoJuanMartin1erParcial"  ./src/DorsoJuanMartin1erParcial.o ./src/cliente.o ./src/informes.o ./src/pedidos.o ./src/utn.o   
Finished building target: DorsoJuanMartin1erParcial
 
20:32:54 **** Incremental Build of configuration Debug for project DorsoJuanMartin1erParcial ****
make all 
make: No se hace nada para 'all'.
20:35:02 **** Incremental Build of configuration Debug for project DorsoJuanMartin1erParcial ****
make all 
make: No se hace nada para 'all'.
20:35:04 **** Incremental Build of configuration Debug for project DorsoJuanMartin1erParcial ****
make all 
make: No se hace nada para 'all'.
20:36:59 **** Incremental Build of configuration Debug for project DorsoJuanMartin1erParcial ****
make all 
Building file: ../src/informes.c
Invoking: GCC C Compiler
gcc -O0 -g3 -Wall -c -fmessage-length=0 -MMD -MP -MF"src/informes.d" -MT"src/informes.o" -o "src/informes.o" "../src/informes.c"
Finished building: ../src/informes.c
 
Building target: DorsoJuanMartin1erParcial
Invoking: GCC C Linker
gcc  -o "DorsoJuanMartin1erParcial"  ./src/DorsoJuanMartin1erParcial.o ./src/cliente.o ./src/informes.o ./src/pedidos.o ./src/utn.o   
Finished building target: DorsoJuanMartin1erParcial
 
20:37:01 **** Incremental Build of configuration Debug for project DorsoJuanMartin1erParcial ****
make all 
make: No se hace nada para 'all'.
20:38:33 **** Incremental Build of configuration Debug for project DorsoJuanMartin1erParcial ****
make all 
Building file: ../src/DorsoJuanMartin1erParcial.c
Invoking: GCC C Compiler
gcc -O0 -g3 -Wall -c -fmessage-length=0 -MMD -MP -MF"src/DorsoJuanMartin1erParcial.d" -MT"src/DorsoJuanMartin1erParcial.o" -o "src/DorsoJuanMartin1erParcial.o" "../src/DorsoJuanMartin1erParcial.c"
../src/DorsoJuanMartin1erParcial.c: In function ‘main’:
../src/DorsoJuanMartin1erParcial.c:212:8: warning: implicit declaration of function ‘clienteConMasPedidosPendientes’ [-Wimplicit-function-declaration]
        clienteConMasPedidosPendientes(aClientes,CANT_CLIENTES,aPedidos,CANT_PEDIDOS,aContClientePendiente,CANT_CLIENTES);
        ^~~~~~~~~~~~~~~~~~~~~~~~~~~~~~
../src/DorsoJuanMartin1erParcial.c:213:8: warning: implicit declaration of function ‘clienteConMasPedidosCompletados’ [-Wimplicit-function-declaration]
        clienteConMasPedidosCompletados(aClientes,CANT_CLIENTES,aPedidos,CANT_PEDIDOS,aContClienteCompletado,CANT_CLIENTES);
        ^~~~~~~~~~~~~~~~~~~~~~~~~~~~~~~
../src/DorsoJuanMartin1erParcial.c:214:8: warning: implicit declaration of function ‘clienteConMasPedidos’ [-Wimplicit-function-declaration]
        clienteConMasPedidos(aClientes,CANT_CLIENTES,aPedidos,CANT_PEDIDOS,aContClienteTotal,CANT_CLIENTES);
        ^~~~~~~~~~~~~~~~~~~~
../src/DorsoJuanMartin1erParcial.c:39:6: warning: unused variable ‘flagAltaPedido’ [-Wunused-variable]
  int flagAltaPedido=ALTA_DNS;
      ^~~~~~~~~~~~~~
Finished building: ../src/DorsoJuanMartin1erParcial.c
 
Building file: ../src/informes.c
Invoking: GCC C Compiler
gcc -O0 -g3 -Wall -c -fmessage-length=0 -MMD -MP -MF"src/informes.d" -MT"src/informes.o" -o "src/informes.o" "../src/informes.c"
Finished building: ../src/informes.c
 
Building target: DorsoJuanMartin1erParcial
Invoking: GCC C Linker
gcc  -o "DorsoJuanMartin1erParcial"  ./src/DorsoJuanMartin1erParcial.o ./src/cliente.o ./src/informes.o ./src/pedidos.o ./src/utn.o   
Finished building target: DorsoJuanMartin1erParcial
 
20:38:35 **** Incremental Build of configuration Debug for project DorsoJuanMartin1erParcial ****
make all 
make: No se hace nada para 'all'.
20:49:22 **** Incremental Build of configuration Debug for project DorsoJuanMartin1erParcial ****
make all 
Building file: ../src/DorsoJuanMartin1erParcial.c
Invoking: GCC C Compiler
gcc -O0 -g3 -Wall -c -fmessage-length=0 -MMD -MP -MF"src/DorsoJuanMartin1erParcial.d" -MT"src/DorsoJuanMartin1erParcial.o" -o "src/DorsoJuanMartin1erParcial.o" "../src/DorsoJuanMartin1erParcial.c"
../src/DorsoJuanMartin1erParcial.c: In function ‘main’:
../src/DorsoJuanMartin1erParcial.c:212:8: warning: implicit declaration of function ‘clienteConMasPedidosPendientes’ [-Wimplicit-function-declaration]
        clienteConMasPedidosPendientes(aClientes,CANT_CLIENTES,aPedidos,CANT_PEDIDOS,aContClientePendiente,CANT_CLIENTES);
        ^~~~~~~~~~~~~~~~~~~~~~~~~~~~~~
../src/DorsoJuanMartin1erParcial.c:213:8: warning: implicit declaration of function ‘clienteConMasPedidosCompletados’ [-Wimplicit-function-declaration]
        clienteConMasPedidosCompletados(aClientes,CANT_CLIENTES,aPedidos,CANT_PEDIDOS,aContClienteCompletado,CANT_CLIENTES);
        ^~~~~~~~~~~~~~~~~~~~~~~~~~~~~~~
../src/DorsoJuanMartin1erParcial.c:214:8: warning: implicit declaration of function ‘clienteConMasPedidos’ [-Wimplicit-function-declaration]
        clienteConMasPedidos(aClientes,CANT_CLIENTES,aPedidos,CANT_PEDIDOS,aContClienteTotal,CANT_CLIENTES);
        ^~~~~~~~~~~~~~~~~~~~
../src/DorsoJuanMartin1erParcial.c:215:8: warning: implicit declaration of function ‘imprimirArrayPedidosStatusOkyCompletadosPorcentajeReciclado’ [-Wimplicit-function-declaration]
        imprimirArrayPedidosStatusOkyCompletadosPorcentajeReciclado(aPedidos,CANT_PEDIDOS,aClientes,CANT_CLIENTES);
        ^~~~~~~~~~~~~~~~~~~~~~~~~~~~~~~~~~~~~~~~~~~~~~~~~~~~~~~~~~~
../src/DorsoJuanMartin1erParcial.c:39:6: warning: unused variable ‘flagAltaPedido’ [-Wunused-variable]
  int flagAltaPedido=ALTA_DNS;
      ^~~~~~~~~~~~~~
Finished building: ../src/DorsoJuanMartin1erParcial.c
 
Building file: ../src/informes.c
Invoking: GCC C Compiler
gcc -O0 -g3 -Wall -c -fmessage-length=0 -MMD -MP -MF"src/informes.d" -MT"src/informes.o" -o "src/informes.o" "../src/informes.c"
../src/informes.c: In function ‘imprimirArrayPedidosStatusOkyCompletadosPorcentajeReciclado’:
../src/informes.c:229:5: error: expected ‘;’ before ‘printf’
     printf("%3d | %15s | %10.2f | %15s \n",
     ^~~~~~
../src/informes.c:215:7: warning: unused variable ‘estadoPedido’ [-Wunused-variable]
  char estadoPedido[2][25] = {"Completado","Pendiente"};
       ^~~~~~~~~~~~
../src/informes.c:212:8: warning: variable ‘promedio’ set but not used [-Wunused-but-set-variable]
  float promedio;
        ^~~~~~~~
../src/informes.c:211:6: warning: variable ‘auxId’ set but not used [-Wunused-but-set-variable]
  int auxId;
      ^~~~~
src/subdir.mk:30: fallo en las instrucciones para el objetivo 'src/informes.o'
make: *** [src/informes.o] Error 1
"make all" terminated with exit code 2. Build might be incomplete.
20:49:38 **** Incremental Build of configuration Debug for project DorsoJuanMartin1erParcial ****
make all 
Building file: ../src/informes.c
Invoking: GCC C Compiler
gcc -O0 -g3 -Wall -c -fmessage-length=0 -MMD -MP -MF"src/informes.d" -MT"src/informes.o" -o "src/informes.o" "../src/informes.c"
Finished building: ../src/informes.c
 
Building target: DorsoJuanMartin1erParcial
Invoking: GCC C Linker
gcc  -o "DorsoJuanMartin1erParcial"  ./src/DorsoJuanMartin1erParcial.o ./src/cliente.o ./src/informes.o ./src/pedidos.o ./src/utn.o   
Finished building target: DorsoJuanMartin1erParcial
 
20:49:40 **** Incremental Build of configuration Debug for project DorsoJuanMartin1erParcial ****
make all 
make: No se hace nada para 'all'.
20:50:29 **** Incremental Build of configuration Debug for project DorsoJuanMartin1erParcial ****
make all 
Building file: ../src/informes.c
Invoking: GCC C Compiler
gcc -O0 -g3 -Wall -c -fmessage-length=0 -MMD -MP -MF"src/informes.d" -MT"src/informes.o" -o "src/informes.o" "../src/informes.c"
Finished building: ../src/informes.c
 
Building target: DorsoJuanMartin1erParcial
Invoking: GCC C Linker
gcc  -o "DorsoJuanMartin1erParcial"  ./src/DorsoJuanMartin1erParcial.o ./src/cliente.o ./src/informes.o ./src/pedidos.o ./src/utn.o   
Finished building target: DorsoJuanMartin1erParcial
 
20:50:31 **** Incremental Build of configuration Debug for project DorsoJuanMartin1erParcial ****
make all 
make: No se hace nada para 'all'.
20:50:31 **** Incremental Build of configuration Debug for project DorsoJuanMartin1erParcial ****
make all 
make: No se hace nada para 'all'.
20:51:02 **** Incremental Build of configuration Debug for project DorsoJuanMartin1erParcial ****
make all 
Building file: ../src/informes.c
Invoking: GCC C Compiler
gcc -O0 -g3 -Wall -c -fmessage-length=0 -MMD -MP -MF"src/informes.d" -MT"src/informes.o" -o "src/informes.o" "../src/informes.c"
Finished building: ../src/informes.c
 
Building target: DorsoJuanMartin1erParcial
Invoking: GCC C Linker
gcc  -o "DorsoJuanMartin1erParcial"  ./src/DorsoJuanMartin1erParcial.o ./src/cliente.o ./src/informes.o ./src/pedidos.o ./src/utn.o   
Finished building target: DorsoJuanMartin1erParcial
 
20:51:04 **** Incremental Build of configuration Debug for project DorsoJuanMartin1erParcial ****
make all 
make: No se hace nada para 'all'.
20:51:21 **** Incremental Build of configuration Debug for project DorsoJuanMartin1erParcial ****
make all 
Building file: ../src/informes.c
Invoking: GCC C Compiler
gcc -O0 -g3 -Wall -c -fmessage-length=0 -MMD -MP -MF"src/informes.d" -MT"src/informes.o" -o "src/informes.o" "../src/informes.c"
Finished building: ../src/informes.c
 
Building target: DorsoJuanMartin1erParcial
Invoking: GCC C Linker
gcc  -o "DorsoJuanMartin1erParcial"  ./src/DorsoJuanMartin1erParcial.o ./src/cliente.o ./src/informes.o ./src/pedidos.o ./src/utn.o   
Finished building target: DorsoJuanMartin1erParcial
 
20:51:23 **** Incremental Build of configuration Debug for project DorsoJuanMartin1erParcial ****
make all 
make: No se hace nada para 'all'.
20:51:42 **** Incremental Build of configuration Debug for project DorsoJuanMartin1erParcial ****
make all 
Building file: ../src/informes.c
Invoking: GCC C Compiler
gcc -O0 -g3 -Wall -c -fmessage-length=0 -MMD -MP -MF"src/informes.d" -MT"src/informes.o" -o "src/informes.o" "../src/informes.c"
Finished building: ../src/informes.c
 
Building target: DorsoJuanMartin1erParcial
Invoking: GCC C Linker
gcc  -o "DorsoJuanMartin1erParcial"  ./src/DorsoJuanMartin1erParcial.o ./src/cliente.o ./src/informes.o ./src/pedidos.o ./src/utn.o   
Finished building target: DorsoJuanMartin1erParcial
 
20:51:44 **** Incremental Build of configuration Debug for project DorsoJuanMartin1erParcial ****
make all 
make: No se hace nada para 'all'.
20:51:45 **** Incremental Build of configuration Debug for project DorsoJuanMartin1erParcial ****
make all 
make: No se hace nada para 'all'.
20:54:09 **** Incremental Build of configuration Debug for project DorsoJuanMartin1erParcial ****
make all 
Building file: ../src/informes.c
Invoking: GCC C Compiler
gcc -O0 -g3 -Wall -c -fmessage-length=0 -MMD -MP -MF"src/informes.d" -MT"src/informes.o" -o "src/informes.o" "../src/informes.c"
Finished building: ../src/informes.c
 
Building target: DorsoJuanMartin1erParcial
Invoking: GCC C Linker
gcc  -o "DorsoJuanMartin1erParcial"  ./src/DorsoJuanMartin1erParcial.o ./src/cliente.o ./src/informes.o ./src/pedidos.o ./src/utn.o   
Finished building target: DorsoJuanMartin1erParcial
 
20:54:10 **** Incremental Build of configuration Debug for project DorsoJuanMartin1erParcial ****
make all 
make: No se hace nada para 'all'.
20:54:11 **** Incremental Build of configuration Debug for project DorsoJuanMartin1erParcial ****
make all 
make: No se hace nada para 'all'.
20:59:08 **** Incremental Build of configuration Debug for project DorsoJuanMartin1erParcial ****
make all 
Building file: ../src/DorsoJuanMartin1erParcial.c
Invoking: GCC C Compiler
gcc -O0 -g3 -Wall -c -fmessage-length=0 -MMD -MP -MF"src/DorsoJuanMartin1erParcial.d" -MT"src/DorsoJuanMartin1erParcial.o" -o "src/DorsoJuanMartin1erParcial.o" "../src/DorsoJuanMartin1erParcial.c"
../src/DorsoJuanMartin1erParcial.c: In function ‘main’:
../src/DorsoJuanMartin1erParcial.c:213:8: warning: implicit declaration of function ‘clienteConMasPedidosPendientes’ [-Wimplicit-function-declaration]
        clienteConMasPedidosPendientes(aClientes,CANT_CLIENTES,aPedidos,CANT_PEDIDOS,aContClientePendiente,CANT_CLIENTES);
        ^~~~~~~~~~~~~~~~~~~~~~~~~~~~~~
../src/DorsoJuanMartin1erParcial.c:215:8: warning: implicit declaration of function ‘clienteConMasPedidosCompletados’ [-Wimplicit-function-declaration]
        clienteConMasPedidosCompletados(aClientes,CANT_CLIENTES,aPedidos,CANT_PEDIDOS,aContClienteCompletado,CANT_CLIENTES);
        ^~~~~~~~~~~~~~~~~~~~~~~~~~~~~~~
../src/DorsoJuanMartin1erParcial.c:217:8: warning: implicit declaration of function ‘clienteConMasPedidos’ [-Wimplicit-function-declaration]
        clienteConMasPedidos(aClientes,CANT_CLIENTES,aPedidos,CANT_PEDIDOS,aContClienteTotal,CANT_CLIENTES);
        ^~~~~~~~~~~~~~~~~~~~
../src/DorsoJuanMartin1erParcial.c:218:63: warning: format ‘%d’ expects a matching ‘int’ argument [-Wformat=]
        printf("\nH) Imprimir  pedidos completados indicando % de plastico recilcado.\n");
                                                               ^
../src/DorsoJuanMartin1erParcial.c:219:8: warning: implicit declaration of function ‘imprimirArrayPedidosStatusOkyCompletadosPorcentajeReciclado’ [-Wimplicit-function-declaration]
        imprimirArrayPedidosStatusOkyCompletadosPorcentajeReciclado(aPedidos,CANT_PEDIDOS,aClientes,CANT_CLIENTES);
        ^~~~~~~~~~~~~~~~~~~~~~~~~~~~~~~~~~~~~~~~~~~~~~~~~~~~~~~~~~~
../src/DorsoJuanMartin1erParcial.c:39:6: warning: unused variable ‘flagAltaPedido’ [-Wunused-variable]
  int flagAltaPedido=ALTA_DNS;
      ^~~~~~~~~~~~~~
Finished building: ../src/DorsoJuanMartin1erParcial.c
 
Building target: DorsoJuanMartin1erParcial
Invoking: GCC C Linker
gcc  -o "DorsoJuanMartin1erParcial"  ./src/DorsoJuanMartin1erParcial.o ./src/cliente.o ./src/informes.o ./src/pedidos.o ./src/utn.o   
Finished building target: DorsoJuanMartin1erParcial
 
20:59:09 **** Incremental Build of configuration Debug for project DorsoJuanMartin1erParcial ****
make all 
make: No se hace nada para 'all'.
20:59:54 **** Incremental Build of configuration Debug for project DorsoJuanMartin1erParcial ****
make all 
Building file: ../src/informes.c
Invoking: GCC C Compiler
gcc -O0 -g3 -Wall -c -fmessage-length=0 -MMD -MP -MF"src/informes.d" -MT"src/informes.o" -o "src/informes.o" "../src/informes.c"
Finished building: ../src/informes.c
 
Building target: DorsoJuanMartin1erParcial
Invoking: GCC C Linker
gcc  -o "DorsoJuanMartin1erParcial"  ./src/DorsoJuanMartin1erParcial.o ./src/cliente.o ./src/informes.o ./src/pedidos.o ./src/utn.o   
Finished building target: DorsoJuanMartin1erParcial
 
20:59:55 **** Incremental Build of configuration Debug for project DorsoJuanMartin1erParcial ****
make all 
make: No se hace nada para 'all'.
21:00:24 **** Incremental Build of configuration Debug for project DorsoJuanMartin1erParcial ****
make all 
Building file: ../src/informes.c
Invoking: GCC C Compiler
gcc -O0 -g3 -Wall -c -fmessage-length=0 -MMD -MP -MF"src/informes.d" -MT"src/informes.o" -o "src/informes.o" "../src/informes.c"
../src/informes.c: In function ‘imprimirArrayPedidosStatusOkyCompletadosPorcentajeReciclado’:
../src/informes.c:229:28: warning: conversion lacks type at end of format [-Wformat=]
     printf("%12d | %15s | % %20.2f | %15s \n",
                            ^
Finished building: ../src/informes.c
 
Building target: DorsoJuanMartin1erParcial
Invoking: GCC C Linker
gcc  -o "DorsoJuanMartin1erParcial"  ./src/DorsoJuanMartin1erParcial.o ./src/cliente.o ./src/informes.o ./src/pedidos.o ./src/utn.o   
Finished building target: DorsoJuanMartin1erParcial
 
21:00:25 **** Incremental Build of configuration Debug for project DorsoJuanMartin1erParcial ****
make all 
make: No se hace nada para 'all'.
21:00:48 **** Incremental Build of configuration Debug for project DorsoJuanMartin1erParcial ****
make all 
Building file: ../src/informes.c
Invoking: GCC C Compiler
gcc -O0 -g3 -Wall -c -fmessage-length=0 -MMD -MP -MF"src/informes.d" -MT"src/informes.o" -o "src/informes.o" "../src/informes.c"
../src/informes.c: In function ‘imprimirArrayPedidosStatusOkyCompletadosPorcentajeReciclado’:
../src/informes.c:229:30: warning: conversion lacks type at end of format [-Wformat=]
     printf("%12d | %15s | '%' %20.2f | %15s \n",
                              ^
Finished building: ../src/informes.c
 
Building target: DorsoJuanMartin1erParcial
Invoking: GCC C Linker
gcc  -o "DorsoJuanMartin1erParcial"  ./src/DorsoJuanMartin1erParcial.o ./src/cliente.o ./src/informes.o ./src/pedidos.o ./src/utn.o   
Finished building target: DorsoJuanMartin1erParcial
 
21:00:49 **** Incremental Build of configuration Debug for project DorsoJuanMartin1erParcial ****
make all 
make: No se hace nada para 'all'.
21:01:04 **** Incremental Build of configuration Debug for project DorsoJuanMartin1erParcial ****
make all 
Building file: ../src/informes.c
Invoking: GCC C Compiler
gcc -O0 -g3 -Wall -c -fmessage-length=0 -MMD -MP -MF"src/informes.d" -MT"src/informes.o" -o "src/informes.o" "../src/informes.c"
Finished building: ../src/informes.c
 
Building target: DorsoJuanMartin1erParcial
Invoking: GCC C Linker
gcc  -o "DorsoJuanMartin1erParcial"  ./src/DorsoJuanMartin1erParcial.o ./src/cliente.o ./src/informes.o ./src/pedidos.o ./src/utn.o   
Finished building target: DorsoJuanMartin1erParcial
 
21:01:06 **** Incremental Build of configuration Debug for project DorsoJuanMartin1erParcial ****
make all 
make: No se hace nada para 'all'.
21:25:49 **** Incremental Build of configuration Debug for project DorsoJuanMartin1erParcial ****
make all 
Building file: ../src/DorsoJuanMartin1erParcial.c
Invoking: GCC C Compiler
gcc -O0 -g3 -Wall -c -fmessage-length=0 -MMD -MP -MF"src/DorsoJuanMartin1erParcial.d" -MT"src/DorsoJuanMartin1erParcial.o" -o "src/DorsoJuanMartin1erParcial.o" "../src/DorsoJuanMartin1erParcial.c"
../src/DorsoJuanMartin1erParcial.c: In function ‘main’:
../src/DorsoJuanMartin1erParcial.c:213:8: warning: implicit declaration of function ‘clienteConMasPedidosPendientes’ [-Wimplicit-function-declaration]
        clienteConMasPedidosPendientes(aClientes,CANT_CLIENTES,aPedidos,CANT_PEDIDOS,aContClientePendiente,CANT_CLIENTES);
        ^~~~~~~~~~~~~~~~~~~~~~~~~~~~~~
../src/DorsoJuanMartin1erParcial.c:215:8: warning: implicit declaration of function ‘clienteConMasPedidosCompletados’ [-Wimplicit-function-declaration]
        clienteConMasPedidosCompletados(aClientes,CANT_CLIENTES,aPedidos,CANT_PEDIDOS,aContClienteCompletado,CANT_CLIENTES);
        ^~~~~~~~~~~~~~~~~~~~~~~~~~~~~~~
../src/DorsoJuanMartin1erParcial.c:217:8: warning: implicit declaration of function ‘clienteConMasPedidos’ [-Wimplicit-function-declaration]
        clienteConMasPedidos(aClientes,CANT_CLIENTES,aPedidos,CANT_PEDIDOS,aContClienteTotal,CANT_CLIENTES);
        ^~~~~~~~~~~~~~~~~~~~
../src/DorsoJuanMartin1erParcial.c:219:8: warning: implicit declaration of function ‘clienteConMasKgReciclados’ [-Wimplicit-function-declaration]
        clienteConMasKgReciclados(aClientes,CANT_CLIENTES,aPedidos,CANT_PEDIDOS);
        ^~~~~~~~~~~~~~~~~~~~~~~~~
../src/DorsoJuanMartin1erParcial.c:220:63: warning: format ‘%d’ expects a matching ‘int’ argument [-Wformat=]
        printf("\nH) Imprimir  pedidos completados indicando % de plastico recilcado.\n");
                                                               ^
../src/DorsoJuanMartin1erParcial.c:221:8: warning: implicit declaration of function ‘imprimirArrayPedidosStatusOkyCompletadosPorcentajeReciclado’ [-Wimplicit-function-declaration]
        imprimirArrayPedidosStatusOkyCompletadosPorcentajeReciclado(aPedidos,CANT_PEDIDOS,aClientes,CANT_CLIENTES);
        ^~~~~~~~~~~~~~~~~~~~~~~~~~~~~~~~~~~~~~~~~~~~~~~~~~~~~~~~~~~
../src/DorsoJuanMartin1erParcial.c:39:6: warning: unused variable ‘flagAltaPedido’ [-Wunused-variable]
  int flagAltaPedido=ALTA_DNS;
      ^~~~~~~~~~~~~~
Finished building: ../src/DorsoJuanMartin1erParcial.c
 
Building file: ../src/informes.c
Invoking: GCC C Compiler
gcc -O0 -g3 -Wall -c -fmessage-length=0 -MMD -MP -MF"src/informes.d" -MT"src/informes.o" -o "src/informes.o" "../src/informes.c"
../src/informes.c: In function ‘clienteConMasKgReciclados’:
../src/informes.c:243:2: error: expected ‘=’, ‘,’, ‘;’, ‘asm’ or ‘__attribute__’ before ‘float’
  float sumaReciclados;
  ^~~~~
../src/informes.c:262:3: error: ‘posCliente’ undeclared (first use in this function)
   posCliente=buscarClientePorId(aCliente,cantClientes,auxIdCliente);
   ^~~~~~~~~~
../src/informes.c:262:3: note: each undeclared identifier is reported only once for each function it appears in
src/subdir.mk:30: fallo en las instrucciones para el objetivo 'src/informes.o'
make: *** [src/informes.o] Error 1
"make all" terminated with exit code 2. Build might be incomplete.
21:25:58 **** Incremental Build of configuration Debug for project DorsoJuanMartin1erParcial ****
make all 
Building file: ../src/informes.c
Invoking: GCC C Compiler
gcc -O0 -g3 -Wall -c -fmessage-length=0 -MMD -MP -MF"src/informes.d" -MT"src/informes.o" -o "src/informes.o" "../src/informes.c"
Finished building: ../src/informes.c
 
Building target: DorsoJuanMartin1erParcial
Invoking: GCC C Linker
gcc  -o "DorsoJuanMartin1erParcial"  ./src/DorsoJuanMartin1erParcial.o ./src/cliente.o ./src/informes.o ./src/pedidos.o ./src/utn.o   
Finished building target: DorsoJuanMartin1erParcial
 
21:25:59 **** Incremental Build of configuration Debug for project DorsoJuanMartin1erParcial ****
make all 
make: No se hace nada para 'all'.
21:27:44 **** Incremental Build of configuration Debug for project DorsoJuanMartin1erParcial ****
make all 
Building file: ../src/informes.c
Invoking: GCC C Compiler
gcc -O0 -g3 -Wall -c -fmessage-length=0 -MMD -MP -MF"src/informes.d" -MT"src/informes.o" -o "src/informes.o" "../src/informes.c"
Finished building: ../src/informes.c
 
Building target: DorsoJuanMartin1erParcial
Invoking: GCC C Linker
gcc  -o "DorsoJuanMartin1erParcial"  ./src/DorsoJuanMartin1erParcial.o ./src/cliente.o ./src/informes.o ./src/pedidos.o ./src/utn.o   
Finished building target: DorsoJuanMartin1erParcial
 
21:27:46 **** Incremental Build of configuration Debug for project DorsoJuanMartin1erParcial ****
make all 
make: No se hace nada para 'all'.
21:30:27 **** Incremental Build of configuration Debug for project DorsoJuanMartin1erParcial ****
make all 
make: No se hace nada para 'all'.
21:30:29 **** Incremental Build of configuration Debug for project DorsoJuanMartin1erParcial ****
make all 
make: No se hace nada para 'all'.
